<?xml version="1.0" encoding="UTF-8"?>
<coverage generated="1785057138177" clover="3.2.0">
  <project timestamp="1785057138177" name="All files">
    <metrics statements="156" coveredstatements="136" conditionals="126" coveredconditionals="110" methods="35" coveredmethods="29" elements="317" coveredelements="275" complexity="0" loc="156" ncloc="156" packages="1" files="6" classes="6"/>
    <file name="ai.ts" path="D:\3_Projects\Active\word-catcher\lib\ai.ts">
      <metrics statements="21" coveredstatements="12" conditionals="14" coveredconditionals="14" methods="4" coveredmethods="1"/>
      <line num="6" count="0" type="stmt"/>
      <line num="19" count="0" type="stmt"/>
      <line num="20" count="0" type="stmt"/>
      <line num="26" count="8" type="cond" truecount="2" falsecount="0"/>
      <line num="28" count="8" type="cond" truecount="2" falsecount="0"/>
      <line num="29" count="2" type="stmt"/>
      <line num="31" count="6" type="cond" truecount="2" falsecount="0"/>
      <line num="32" count="1" type="stmt"/>
      <line num="34" count="5" type="cond" truecount="4" falsecount="0"/>
      <line num="35" count="1" type="stmt"/>
      <line num="37" count="4" type="cond" truecount="2" falsecount="0"/>
      <line num="38" count="1" type="stmt"/>
      <line num="40" count="3" type="cond" truecount="2" falsecount="0"/>
      <line num="41" count="1" type="stmt"/>
      <line num="43" count="2" type="stmt"/>
      <line num="51" count="0" type="stmt"/>
      <line num="53" count="0" type="stmt"/>
      <line num="59" count="0" type="stmt"/>
      <line num="60" count="0" type="stmt"/>
      <line num="67" count="0" type="stmt"/>
      <line num="69" count="0" type="stmt"/>
    </file>
    <file name="anki.ts" path="D:\3_Projects\Active\word-catcher\lib\anki.ts">
      <metrics statements="41" coveredstatements="41" conditionals="23" coveredconditionals="22" methods="10" coveredmethods="10"/>
      <line num="13" count="2" type="stmt"/>
      <line num="25" count="6" type="stmt"/>
      <line num="26" count="6" type="stmt"/>
      <line num="27" count="6" type="stmt"/>
      <line num="37" count="25" type="stmt"/>
      <line num="38" count="25" type="stmt"/>
      <line num="44" count="1" type="stmt"/>
      <line num="50" count="24" type="cond" truecount="2" falsecount="0"/>
      <line num="51" count="1" type="stmt"/>
      <line num="54" count="23" type="stmt"/>
      <line num="55" count="23" type="cond" truecount="2" falsecount="0"/>
      <line num="56" count="20" type="stmt"/>
      <line num="60" count="4" type="stmt"/>
      <line num="65" count="14" type="stmt"/>
      <line num="66" count="14" type="cond" truecount="2" falsecount="0"/>
      <line num="68" count="13" type="stmt"/>
      <line num="69" count="13" type="cond" truecount="2" falsecount="0"/>
      <line num="71" count="12" type="stmt"/>
      <line num="79" count="3" type="stmt"/>
      <line num="101" count="2" type="stmt"/>
      <line num="132" count="6" type="stmt"/>
      <line num="134" count="6" type="stmt"/>
      <line num="135" count="6" type="cond" truecount="2" falsecount="0"/>
      <line num="136" count="2" type="stmt"/>
      <line num="139" count="6" type="stmt"/>
      <line num="140" count="6" type="cond" truecount="2" falsecount="0"/>
      <line num="141" count="2" type="stmt"/>
      <line num="153" count="1" type="stmt"/>
      <line num="154" count="1" type="stmt"/>
      <line num="155" count="1" type="stmt"/>
      <line num="158" count="1" type="stmt"/>
      <line num="164" count="88" type="stmt"/>
      <line num="171" count="10" type="stmt"/>
      <line num="174" count="10" type="stmt"/>
      <line num="176" count="10" type="stmt"/>
      <line num="191" count="3" type="stmt"/>
      <line num="193" count="3" type="stmt"/>
      <line num="194" count="3" type="stmt"/>
      <line num="208" count="2" type="cond" truecount="4" falsecount="0"/>
      <line num="209" count="1" type="stmt"/>
      <line num="211" count="1" type="stmt"/>
    </file>
    <file name="selection-context.ts" path="D:\3_Projects\Active\word-catcher\lib\selection-context.ts">
      <metrics statements="66" coveredstatements="56" conditionals="60" coveredconditionals="46" methods="10" coveredmethods="9"/>
      <line num="14" count="1" type="stmt"/>
      <line num="20" count="1" type="stmt"/>
      <line num="22" count="1" type="stmt"/>
      <line num="25" count="12" type="cond" truecount="2" falsecount="0"/>
      <line num="27" count="12" type="cond" truecount="2" falsecount="0"/>
      <line num="28" count="13" type="stmt"/>
      <line num="29" count="13" type="cond" truecount="2" falsecount="0"/>
      <line num="30" count="1" type="stmt"/>
      <line num="32" count="0" type="stmt"/>
      <line num="39" count="24" type="cond" truecount="1" falsecount="1"/>
      <line num="40" count="0" type="stmt"/>
      <line num="41" count="0" type="cond" truecount="0" falsecount="2"/>
      <line num="42" count="0" type="stmt"/>
      <line num="43" count="0" type="stmt"/>
      <line num="47" count="24" type="stmt"/>
      <line num="48" count="24" type="stmt"/>
      <line num="49" count="24" type="stmt"/>
      <line num="51" count="24" type="stmt"/>
      <line num="52" count="31" type="cond" truecount="2" falsecount="0"/>
      <line num="53" count="7" type="cond" truecount="1" falsecount="1"/>
      <line num="54" count="31" type="stmt"/>
      <line num="56" count="0" type="stmt"/>
      <line num="61" count="13" type="stmt"/>
      <line num="63" count="13" type="cond" truecount="4" falsecount="0"/>
      <line num="66" count="12" type="stmt"/>
      <line num="67" count="12" type="cond" truecount="1" falsecount="1"/>
      <line num="68" count="12" type="cond" truecount="2" falsecount="0"/>
      <line num="70" count="11" type="stmt"/>
      <line num="73" count="1" type="stmt"/>
      <line num="83" count="1" type="stmt"/>
      <line num="84" count="1" type="cond" truecount="2" falsecount="0"/>
      <line num="85" count="1" type="cond" truecount="3" falsecount="1"/>
      <line num="87" count="1" type="stmt"/>
      <line num="88" count="3" type="cond" truecount="2" falsecount="0"/>
      <line num="89" count="1" type="cond" truecount="2" falsecount="0"/>
      <line num="93" count="1966" type="stmt"/>
      <line num="94" count="1966" type="cond" truecount="2" falsecount="0"/>
      <line num="95" count="1965" type="cond" truecount="2" falsecount="0"/>
      <line num="96" count="15" type="cond" truecount="2" falsecount="0"/>
      <line num="97" count="2" type="stmt"/>
      <line num="101" count="12" type="stmt"/>
      <line num="102" count="1004" type="cond" truecount="2" falsecount="0"/>
      <line num="104" count="9" type="stmt"/>
      <line num="108" count="12" type="stmt"/>
      <line num="109" count="962" type="cond" truecount="2" falsecount="0"/>
      <line num="111" count="2" type="stmt"/>
      <line num="115" count="25" type="stmt"/>
      <line num="126" count="13" type="stmt"/>
      <line num="127" count="13" type="cond" truecount="2" falsecount="0"/>
      <line num="129" count="12" type="stmt"/>
      <line num="130" count="12" type="cond" truecount="1" falsecount="1"/>
      <line num="132" count="13" type="stmt"/>
      <line num="133" count="13" type="stmt"/>
      <line num="136" count="13" type="cond" truecount="4" falsecount="1"/>
      <line num="137" count="0" type="stmt"/>
      <line num="140" count="12" type="stmt"/>
      <line num="141" count="12" type="stmt"/>
      <line num="144" count="12" type="cond" truecount="2" falsecount="0"/>
      <line num="145" count="1" type="stmt"/>
      <line num="146" count="1" type="stmt"/>
      <line num="147" count="1" type="stmt"/>
      <line num="150" count="12" type="stmt"/>
      <line num="151" count="12" type="cond" truecount="1" falsecount="1"/>
      <line num="155" count="0" type="stmt"/>
      <line num="156" count="0" type="cond" truecount="0" falsecount="5"/>
      <line num="157" count="0" type="stmt"/>
    </file>
    <file name="settings.ts" path="D:\3_Projects\Active\word-catcher\lib\settings.ts">
      <metrics statements="11" coveredstatements="10" conditionals="14" coveredconditionals="14" methods="7" coveredmethods="5"/>
      <line num="4" count="1" type="stmt"/>
      <line num="11" count="13" type="cond" truecount="4" falsecount="0"/>
      <line num="13" count="9" type="stmt"/>
      <line num="14" count="27" type="stmt"/>
      <line num="19" count="9" type="stmt"/>
      <line num="27" count="13" type="stmt"/>
      <line num="28" count="13" type="cond" truecount="2" falsecount="0"/>
      <line num="32" count="3" type="stmt"/>
      <line num="36" count="1" type="stmt"/>
      <line num="40" count="0" type="stmt"/>
      <line num="45" count="4" type="cond" truecount="2" falsecount="0"/>
    </file>
    <file name="tts.ts" path="D:\3_Projects\Active\word-catcher\lib\tts.ts">
      <metrics statements="14" coveredstatements="14" conditionals="15" coveredconditionals="14" methods="4" coveredmethods="4"/>
      <line num="9" count="12" type="cond" truecount="2" falsecount="0"/>
      <line num="13" count="8" type="cond" truecount="4" falsecount="0"/>
      <line num="16" count="6" type="stmt"/>
      <line num="18" count="6" type="stmt"/>
      <line num="19" count="6" type="stmt"/>
      <line num="20" count="6" type="stmt"/>
      <line num="22" count="6" type="stmt"/>
      <line num="23" count="6" type="cond" truecount="2" falsecount="0"/>
      <line num="25" count="6" type="stmt"/>
      <line num="29" count="6" type="stmt"/>
      <line num="30" count="6" type="cond" truecount="2" falsecount="0"/>
      <line num="32" count="2" type="stmt"/>
      <line num="33" count="2" type="stmt"/>
      <line num="41" count="2" type="cond" truecount="2" falsecount="0"/>
    </file>
    <file name="types.ts" path="D:\3_Projects\Active\word-catcher\lib\types.ts">
      <metrics statements="3" coveredstatements="3" conditionals="0" coveredconditionals="0" methods="0" coveredmethods="0"/>
      <line num="9" count="4" type="stmt"/>
      <line num="41" count="4" type="stmt"/>
      <line num="70" count="4" type="stmt"/>
    </file>
  </project>
</coverage>
