{"D:\\3_Projects\\Active\\word-catcher\\lib\\ai.ts": {"path":"D:\\3_Projects\\Active\\word-catcher\\lib\\ai.ts","statementMap":{"0":{"start":{"line":6,"column":2},"end":{"line":14,"column":null}},"1":{"start":{"line":19,"column":4},"end":{"line":19,"column":null}},"2":{"start":{"line":20,"column":4},"end":{"line":20,"column":null}},"3":{"start":{"line":26,"column":14},"end":{"line":26,"column":null}},"4":{"start":{"line":28,"column":2},"end":{"line":30,"column":null}},"5":{"start":{"line":29,"column":4},"end":{"line":29,"column":null}},"6":{"start":{"line":31,"column":2},"end":{"line":33,"column":null}},"7":{"start":{"line":32,"column":4},"end":{"line":32,"column":null}},"8":{"start":{"line":34,"column":2},"end":{"line":36,"column":null}},"9":{"start":{"line":35,"column":4},"end":{"line":35,"column":null}},"10":{"start":{"line":37,"column":2},"end":{"line":39,"column":null}},"11":{"start":{"line":38,"column":4},"end":{"line":38,"column":null}},"12":{"start":{"line":40,"column":2},"end":{"line":42,"column":null}},"13":{"start":{"line":41,"column":4},"end":{"line":41,"column":null}},"14":{"start":{"line":43,"column":2},"end":{"line":43,"column":null}},"15":{"start":{"line":51,"column":44},"end":{"line":51,"column":null}},"16":{"start":{"line":53,"column":19},"end":{"line":57,"column":null}},"17":{"start":{"line":59,"column":2},"end":{"line":70,"column":null}},"18":{"start":{"line":60,"column":23},"end":{"line":66,"column":null}},"19":{"start":{"line":67,"column":4},"end":{"line":67,"column":null}},"20":{"start":{"line":69,"column":4},"end":{"line":69,"column":null}}},"fnMap":{"0":{"name":"buildSystemPrompt","decl":{"start":{"line":5,"column":9},"end":{"line":5,"column":27}},"loc":{"start":{"line":5,"column":60},"end":{"line":15,"column":null}},"line":5},"1":{"name":"constructor","decl":{"start":{"line":18,"column":2},"end":{"line":18,"column":14}},"loc":{"start":{"line":18,"column":31},"end":{"line":21,"column":null}},"line":18},"2":{"name":"friendlyMessage","decl":{"start":{"line":25,"column":16},"end":{"line":25,"column":32}},"loc":{"start":{"line":25,"column":54},"end":{"line":44,"column":null}},"line":25},"3":{"name":"generateEntry","decl":{"start":{"line":46,"column":22},"end":{"line":46,"column":36}},"loc":{"start":{"line":50,"column":23},"end":{"line":71,"column":null}},"line":50}},"branchMap":{"0":{"loc":{"start":{"line":26,"column":14},"end":{"line":26,"column":null}},"type":"cond-expr","locations":[{"start":{"line":26,"column":37},"end":{"line":26,"column":51}},{"start":{"line":26,"column":51},"end":{"line":26,"column":null}}],"line":26},"1":{"loc":{"start":{"line":28,"column":2},"end":{"line":30,"column":null}},"type":"if","locations":[{"start":{"line":28,"column":2},"end":{"line":30,"column":null}},{"start":{},"end":{}}],"line":28},"2":{"loc":{"start":{"line":31,"column":2},"end":{"line":33,"column":null}},"type":"if","locations":[{"start":{"line":31,"column":2},"end":{"line":33,"column":null}},{"start":{},"end":{}}],"line":31},"3":{"loc":{"start":{"line":34,"column":2},"end":{"line":36,"column":null}},"type":"if","locations":[{"start":{"line":34,"column":2},"end":{"line":36,"column":null}},{"start":{},"end":{}}],"line":34},"4":{"loc":{"start":{"line":34,"column":6},"end":{"line":34,"column":62}},"type":"binary-expr","locations":[{"start":{"line":34,"column":6},"end":{"line":34,"column":42}},{"start":{"line":34,"column":42},"end":{"line":34,"column":62}}],"line":34},"5":{"loc":{"start":{"line":37,"column":2},"end":{"line":39,"column":null}},"type":"if","locations":[{"start":{"line":37,"column":2},"end":{"line":39,"column":null}},{"start":{},"end":{}}],"line":37},"6":{"loc":{"start":{"line":40,"column":2},"end":{"line":42,"column":null}},"type":"if","locations":[{"start":{"line":40,"column":2},"end":{"line":42,"column":null}},{"start":{},"end":{}}],"line":40}},"s":{"0":0,"1":0,"2":0,"3":8,"4":8,"5":2,"6":6,"7":1,"8":5,"9":1,"10":4,"11":1,"12":3,"13":1,"14":2,"15":0,"16":0,"17":0,"18":0,"19":0,"20":0},"f":{"0":0,"1":0,"2":8,"3":0},"b":{"0":[7,1],"1":[2,6],"2":[1,5],"3":[1,4],"4":[5,1],"5":[1,3],"6":[1,2]},"meta":{"lastBranch":7,"lastFunction":4,"lastStatement":21,"seen":{"f:5:9:5:27":0,"s:6:2:14:Infinity":0,"f:18:2:18:14":1,"s:19:4:19:Infinity":1,"s:20:4:20:Infinity":2,"f:25:16:25:32":2,"s:26:14:26:Infinity":3,"b:26:37:26:51:26:51:26:Infinity":0,"b:28:2:30:Infinity:undefined:undefined:undefined:undefined":1,"s:28:2:30:Infinity":4,"s:29:4:29:Infinity":5,"b:31:2:33:Infinity:undefined:undefined:undefined:undefined":2,"s:31:2:33:Infinity":6,"s:32:4:32:Infinity":7,"b:34:2:36:Infinity:undefined:undefined:undefined:undefined":3,"s:34:2:36:Infinity":8,"b:34:6:34:42:34:42:34:62":4,"s:35:4:35:Infinity":9,"b:37:2:39:Infinity:undefined:undefined:undefined:undefined":5,"s:37:2:39:Infinity":10,"s:38:4:38:Infinity":11,"b:40:2:42:Infinity:undefined:undefined:undefined:undefined":6,"s:40:2:42:Infinity":12,"s:41:4:41:Infinity":13,"s:43:2:43:Infinity":14,"f:46:22:46:36":3,"s:51:44:51:Infinity":15,"s:53:19:57:Infinity":16,"s:59:2:70:Infinity":17,"s:60:23:66:Infinity":18,"s:67:4:67:Infinity":19,"s:69:4:69:Infinity":20},"fnNames":{}}}
,"D:\\3_Projects\\Active\\word-catcher\\lib\\anki.ts": {"path":"D:\\3_Projects\\Active\\word-catcher\\lib\\anki.ts","statementMap":{"0":{"start":{"line":13,"column":27},"end":{"line":22,"column":null}},"1":{"start":{"line":26,"column":4},"end":{"line":26,"column":null}},"2":{"start":{"line":25,"column":40},"end":{"line":25,"column":69}},"3":{"start":{"line":27,"column":4},"end":{"line":27,"column":null}},"4":{"start":{"line":37,"column":2},"end":{"line":48,"column":null}},"5":{"start":{"line":38,"column":4},"end":{"line":42,"column":null}},"6":{"start":{"line":44,"column":4},"end":{"line":47,"column":null}},"7":{"start":{"line":50,"column":2},"end":{"line":52,"column":null}},"8":{"start":{"line":51,"column":4},"end":{"line":51,"column":null}},"9":{"start":{"line":54,"column":16},"end":{"line":54,"column":null}},"10":{"start":{"line":55,"column":2},"end":{"line":55,"column":null}},"11":{"start":{"line":55,"column":18},"end":{"line":55,"column":null}},"12":{"start":{"line":56,"column":2},"end":{"line":56,"column":null}},"13":{"start":{"line":60,"column":2},"end":{"line":60,"column":null}},"14":{"start":{"line":65,"column":17},"end":{"line":65,"column":null}},"15":{"start":{"line":66,"column":2},"end":{"line":66,"column":null}},"16":{"start":{"line":66,"column":15},"end":{"line":66,"column":null}},"17":{"start":{"line":68,"column":13},"end":{"line":68,"column":null}},"18":{"start":{"line":69,"column":2},"end":{"line":69,"column":null}},"19":{"start":{"line":69,"column":17},"end":{"line":69,"column":null}},"20":{"start":{"line":71,"column":2},"end":{"line":74,"column":null}},"21":{"start":{"line":79,"column":2},"end":{"line":98,"column":null}},"22":{"start":{"line":101,"column":18},"end":{"line":128,"column":null}},"23":{"start":{"line":132,"column":51},"end":{"line":132,"column":null}},"24":{"start":{"line":134,"column":16},"end":{"line":134,"column":null}},"25":{"start":{"line":135,"column":2},"end":{"line":137,"column":null}},"26":{"start":{"line":136,"column":4},"end":{"line":136,"column":null}},"27":{"start":{"line":139,"column":17},"end":{"line":139,"column":null}},"28":{"start":{"line":140,"column":2},"end":{"line":148,"column":null}},"29":{"start":{"line":141,"column":4},"end":{"line":147,"column":null}},"30":{"start":{"line":153,"column":41},"end":{"line":153,"column":null}},"31":{"start":{"line":154,"column":16},"end":{"line":154,"column":null}},"32":{"start":{"line":155,"column":2},"end":{"line":157,"column":null}},"33":{"start":{"line":158,"column":2},"end":{"line":160,"column":null}},"34":{"start":{"line":164,"column":2},"end":{"line":167,"column":null}},"35":{"start":{"line":171,"column":19},"end":{"line":171,"column":null}},"36":{"start":{"line":174,"column":20},"end":{"line":174,"column":null}},"37":{"start":{"line":176,"column":2},"end":{"line":187,"column":null}},"38":{"start":{"line":191,"column":2},"end":{"line":191,"column":null}},"39":{"start":{"line":193,"column":2},"end":{"line":212,"column":null}},"40":{"start":{"line":194,"column":4},"end":{"line":206,"column":null}},"41":{"start":{"line":208,"column":4},"end":{"line":210,"column":null}},"42":{"start":{"line":209,"column":6},"end":{"line":209,"column":null}},"43":{"start":{"line":211,"column":4},"end":{"line":211,"column":null}}},"fnMap":{"0":{"name":"constructor","decl":{"start":{"line":25,"column":2},"end":{"line":25,"column":14}},"loc":{"start":{"line":25,"column":69},"end":{"line":28,"column":null}},"line":25},"1":{"name":"invoke","decl":{"start":{"line":31,"column":15},"end":{"line":31,"column":null}},"loc":{"start":{"line":35,"column":14},"end":{"line":57,"column":null}},"line":35},"2":{"name":"checkConnection","decl":{"start":{"line":59,"column":22},"end":{"line":59,"column":38}},"loc":{"start":{"line":59,"column":68},"end":{"line":61,"column":null}},"line":59},"3":{"name":"buildClozeSentence","decl":{"start":{"line":64,"column":16},"end":{"line":64,"column":35}},"loc":{"start":{"line":64,"column":80},"end":{"line":76,"column":null}},"line":64},"4":{"name":"cardTemplates","decl":{"start":{"line":78,"column":9},"end":{"line":78,"column":23}},"loc":{"start":{"line":78,"column":40},"end":{"line":99,"column":null}},"line":78},"5":{"name":"ensureDeckAndModel","decl":{"start":{"line":131,"column":22},"end":{"line":131,"column":41}},"loc":{"start":{"line":131,"column":69},"end":{"line":149,"column":null}},"line":131},"6":{"name":"updateModelTemplates","decl":{"start":{"line":152,"column":22},"end":{"line":152,"column":43}},"loc":{"start":{"line":152,"column":71},"end":{"line":161,"column":null}},"line":152},"7":{"name":"escapeHtml","decl":{"start":{"line":163,"column":9},"end":{"line":163,"column":20}},"loc":{"start":{"line":163,"column":42},"end":{"line":168,"column":null}},"line":163},"8":{"name":"buildNoteFields","decl":{"start":{"line":170,"column":16},"end":{"line":170,"column":32}},"loc":{"start":{"line":170,"column":89},"end":{"line":188,"column":null}},"line":170},"9":{"name":"addNote","decl":{"start":{"line":190,"column":22},"end":{"line":190,"column":30}},"loc":{"start":{"line":190,"column":80},"end":{"line":213,"column":null}},"line":190}},"branchMap":{"0":{"loc":{"start":{"line":34,"column":2},"end":{"line":34,"column":null}},"type":"default-arg","locations":[{"start":{"line":34,"column":36},"end":{"line":34,"column":null}}],"line":34},"1":{"loc":{"start":{"line":50,"column":2},"end":{"line":52,"column":null}},"type":"if","locations":[{"start":{"line":50,"column":2},"end":{"line":52,"column":null}},{"start":{},"end":{}}],"line":50},"2":{"loc":{"start":{"line":55,"column":2},"end":{"line":55,"column":null}},"type":"if","locations":[{"start":{"line":55,"column":2},"end":{"line":55,"column":null}},{"start":{},"end":{}}],"line":55},"3":{"loc":{"start":{"line":66,"column":2},"end":{"line":66,"column":null}},"type":"if","locations":[{"start":{"line":66,"column":2},"end":{"line":66,"column":null}},{"start":{},"end":{}}],"line":66},"4":{"loc":{"start":{"line":69,"column":2},"end":{"line":69,"column":null}},"type":"if","locations":[{"start":{"line":69,"column":2},"end":{"line":69,"column":null}},{"start":{},"end":{}}],"line":69},"5":{"loc":{"start":{"line":135,"column":2},"end":{"line":137,"column":null}},"type":"if","locations":[{"start":{"line":135,"column":2},"end":{"line":137,"column":null}},{"start":{},"end":{}}],"line":135},"6":{"loc":{"start":{"line":140,"column":2},"end":{"line":148,"column":null}},"type":"if","locations":[{"start":{"line":140,"column":2},"end":{"line":148,"column":null}},{"start":{},"end":{}}],"line":140},"7":{"loc":{"start":{"line":181,"column":14},"end":{"line":181,"column":null}},"type":"cond-expr","locations":[{"start":{"line":181,"column":36},"end":{"line":181,"column":78}},{"start":{"line":181,"column":78},"end":{"line":181,"column":null}}],"line":181},"8":{"loc":{"start":{"line":184,"column":12},"end":{"line":186,"column":null}},"type":"cond-expr","locations":[{"start":{"line":185,"column":8},"end":{"line":185,"column":null}},{"start":{"line":186,"column":8},"end":{"line":186,"column":null}}],"line":184},"9":{"loc":{"start":{"line":185,"column":60},"end":{"line":185,"column":90}},"type":"binary-expr","locations":[{"start":{"line":185,"column":60},"end":{"line":185,"column":78}},{"start":{"line":185,"column":78},"end":{"line":185,"column":90}}],"line":185},"10":{"loc":{"start":{"line":208,"column":4},"end":{"line":210,"column":null}},"type":"if","locations":[{"start":{"line":208,"column":4},"end":{"line":210,"column":null}},{"start":{},"end":{}}],"line":208},"11":{"loc":{"start":{"line":208,"column":8},"end":{"line":208,"column":68}},"type":"binary-expr","locations":[{"start":{"line":208,"column":8},"end":{"line":208,"column":36}},{"start":{"line":208,"column":36},"end":{"line":208,"column":68}}],"line":208}},"s":{"0":2,"1":6,"2":6,"3":6,"4":25,"5":25,"6":1,"7":24,"8":1,"9":23,"10":23,"11":3,"12":20,"13":4,"14":14,"15":14,"16":1,"17":13,"18":13,"19":1,"20":12,"21":3,"22":2,"23":6,"24":6,"25":6,"26":2,"27":6,"28":6,"29":2,"30":1,"31":1,"32":1,"33":1,"34":88,"35":10,"36":10,"37":10,"38":3,"39":3,"40":3,"41":2,"42":1,"43":1},"f":{"0":6,"1":25,"2":4,"3":14,"4":3,"5":6,"6":1,"7":88,"8":10,"9":3},"b":{"0":[25],"1":[1,23],"2":[3,20],"3":[1,13],"4":[1,12],"5":[2,4],"6":[2,4],"7":[9,1],"8":[9,1],"9":[9,0],"10":[1,1],"11":[2,2]},"meta":{"lastBranch":12,"lastFunction":10,"lastStatement":44,"seen":{"s:13:27:22:Infinity":0,"f:25:2:25:14":0,"s:26:4:26:Infinity":1,"s:25:40:25:69":2,"s:27:4:27:Infinity":3,"f:31:15:31:Infinity":1,"b:34:36:34:Infinity":0,"s:37:2:48:Infinity":4,"s:38:4:42:Infinity":5,"s:44:4:47:Infinity":6,"b:50:2:52:Infinity:undefined:undefined:undefined:undefined":1,"s:50:2:52:Infinity":7,"s:51:4:51:Infinity":8,"s:54:16:54:Infinity":9,"b:55:2:55:Infinity:undefined:undefined:undefined:undefined":2,"s:55:2:55:Infinity":10,"s:55:18:55:Infinity":11,"s:56:2:56:Infinity":12,"f:59:22:59:38":2,"s:60:2:60:Infinity":13,"f:64:16:64:35":3,"s:65:17:65:Infinity":14,"b:66:2:66:Infinity:undefined:undefined:undefined:undefined":3,"s:66:2:66:Infinity":15,"s:66:15:66:Infinity":16,"s:68:13:68:Infinity":17,"b:69:2:69:Infinity:undefined:undefined:undefined:undefined":4,"s:69:2:69:Infinity":18,"s:69:17:69:Infinity":19,"s:71:2:74:Infinity":20,"f:78:9:78:23":4,"s:79:2:98:Infinity":21,"s:101:18:128:Infinity":22,"f:131:22:131:41":5,"s:132:51:132:Infinity":23,"s:134:16:134:Infinity":24,"b:135:2:137:Infinity:undefined:undefined:undefined:undefined":5,"s:135:2:137:Infinity":25,"s:136:4:136:Infinity":26,"s:139:17:139:Infinity":27,"b:140:2:148:Infinity:undefined:undefined:undefined:undefined":6,"s:140:2:148:Infinity":28,"s:141:4:147:Infinity":29,"f:152:22:152:43":6,"s:153:41:153:Infinity":30,"s:154:16:154:Infinity":31,"s:155:2:157:Infinity":32,"s:158:2:160:Infinity":33,"f:163:9:163:20":7,"s:164:2:167:Infinity":34,"f:170:16:170:32":8,"s:171:19:171:Infinity":35,"s:174:20:174:Infinity":36,"s:176:2:187:Infinity":37,"b:181:36:181:78:181:78:181:Infinity":7,"b:185:8:185:Infinity:186:8:186:Infinity":8,"b:185:60:185:78:185:78:185:90":9,"f:190:22:190:30":9,"s:191:2:191:Infinity":38,"s:193:2:212:Infinity":39,"s:194:4:206:Infinity":40,"b:208:4:210:Infinity:undefined:undefined:undefined:undefined":10,"s:208:4:210:Infinity":41,"b:208:8:208:36:208:36:208:68":11,"s:209:6:209:Infinity":42,"s:211:4:211:Infinity":43},"fnNames":{}}}
,"D:\\3_Projects\\Active\\word-catcher\\lib\\selection-context.ts": {"path":"D:\\3_Projects\\Active\\word-catcher\\lib\\selection-context.ts","statementMap":{"0":{"start":{"line":14,"column":19},"end":{"line":17,"column":null}},"1":{"start":{"line":20,"column":21},"end":{"line":20,"column":null}},"2":{"start":{"line":22,"column":28},"end":{"line":22,"column":null}},"3":{"start":{"line":25,"column":24},"end":{"line":25,"column":null}},"4":{"start":{"line":27,"column":2},"end":{"line":31,"column":null}},"5":{"start":{"line":28,"column":17},"end":{"line":28,"column":null}},"6":{"start":{"line":29,"column":4},"end":{"line":29,"column":null}},"7":{"start":{"line":29,"column":29},"end":{"line":29,"column":null}},"8":{"start":{"line":30,"column":4},"end":{"line":30,"column":null}},"9":{"start":{"line":32,"column":2},"end":{"line":32,"column":null}},"10":{"start":{"line":39,"column":2},"end":{"line":45,"column":null}},"11":{"start":{"line":40,"column":18},"end":{"line":40,"column":null}},"12":{"start":{"line":41,"column":4},"end":{"line":44,"column":null}},"13":{"start":{"line":42,"column":6},"end":{"line":42,"column":null}},"14":{"start":{"line":43,"column":6},"end":{"line":43,"column":null}},"15":{"start":{"line":47,"column":17},"end":{"line":47,"column":null}},"16":{"start":{"line":48,"column":14},"end":{"line":48,"column":null}},"17":{"start":{"line":49,"column":13},"end":{"line":49,"column":null}},"18":{"start":{"line":51,"column":2},"end":{"line":55,"column":null}},"19":{"start":{"line":52,"column":4},"end":{"line":52,"column":null}},"20":{"start":{"line":52,"column":28},"end":{"line":52,"column":null}},"21":{"start":{"line":53,"column":4},"end":{"line":53,"column":null}},"22":{"start":{"line":54,"column":4},"end":{"line":54,"column":null}},"23":{"start":{"line":56,"column":2},"end":{"line":56,"column":null}},"24":{"start":{"line":61,"column":15},"end":{"line":61,"column":null}},"25":{"start":{"line":63,"column":2},"end":{"line":63,"column":null}},"26":{"start":{"line":63,"column":32},"end":{"line":63,"column":null}},"27":{"start":{"line":66,"column":17},"end":{"line":66,"column":null}},"28":{"start":{"line":67,"column":2},"end":{"line":67,"column":null}},"29":{"start":{"line":67,"column":35},"end":{"line":67,"column":null}},"30":{"start":{"line":68,"column":2},"end":{"line":68,"column":null}},"31":{"start":{"line":68,"column":72},"end":{"line":68,"column":null}},"32":{"start":{"line":70,"column":2},"end":{"line":70,"column":null}},"33":{"start":{"line":73,"column":21},"end":{"line":73,"column":null}},"34":{"start":{"line":83,"column":15},"end":{"line":83,"column":null}},"35":{"start":{"line":84,"column":2},"end":{"line":84,"column":null}},"36":{"start":{"line":84,"column":57},"end":{"line":84,"column":null}},"37":{"start":{"line":85,"column":2},"end":{"line":85,"column":null}},"38":{"start":{"line":85,"column":44},"end":{"line":85,"column":null}},"39":{"start":{"line":87,"column":14},"end":{"line":87,"column":null}},"40":{"start":{"line":88,"column":2},"end":{"line":88,"column":null}},"41":{"start":{"line":88,"column":64},"end":{"line":88,"column":null}},"42":{"start":{"line":89,"column":2},"end":{"line":89,"column":null}},"43":{"start":{"line":93,"column":13},"end":{"line":93,"column":null}},"44":{"start":{"line":94,"column":2},"end":{"line":94,"column":null}},"45":{"start":{"line":94,"column":19},"end":{"line":94,"column":null}},"46":{"start":{"line":95,"column":2},"end":{"line":95,"column":null}},"47":{"start":{"line":95,"column":30},"end":{"line":95,"column":null}},"48":{"start":{"line":96,"column":2},"end":{"line":96,"column":null}},"49":{"start":{"line":96,"column":18},"end":{"line":96,"column":null}},"50":{"start":{"line":97,"column":2},"end":{"line":97,"column":null}},"51":{"start":{"line":101,"column":2},"end":{"line":103,"column":null}},"52":{"start":{"line":101,"column":15},"end":{"line":101,"column":25}},"53":{"start":{"line":102,"column":4},"end":{"line":102,"column":null}},"54":{"start":{"line":102,"column":32},"end":{"line":102,"column":null}},"55":{"start":{"line":104,"column":2},"end":{"line":104,"column":null}},"56":{"start":{"line":108,"column":2},"end":{"line":110,"column":null}},"57":{"start":{"line":108,"column":15},"end":{"line":108,"column":21}},"58":{"start":{"line":109,"column":4},"end":{"line":109,"column":null}},"59":{"start":{"line":109,"column":32},"end":{"line":109,"column":null}},"60":{"start":{"line":111,"column":2},"end":{"line":111,"column":null}},"61":{"start":{"line":115,"column":2},"end":{"line":115,"column":null}},"62":{"start":{"line":126,"column":20},"end":{"line":126,"column":null}},"63":{"start":{"line":127,"column":2},"end":{"line":127,"column":null}},"64":{"start":{"line":127,"column":18},"end":{"line":127,"column":null}},"65":{"start":{"line":129,"column":16},"end":{"line":129,"column":null}},"66":{"start":{"line":130,"column":20},"end":{"line":130,"column":null}},"67":{"start":{"line":132,"column":16},"end":{"line":132,"column":null}},"68":{"start":{"line":133,"column":14},"end":{"line":133,"column":null}},"69":{"start":{"line":136,"column":2},"end":{"line":138,"column":null}},"70":{"start":{"line":137,"column":4},"end":{"line":137,"column":null}},"71":{"start":{"line":140,"column":13},"end":{"line":140,"column":null}},"72":{"start":{"line":141,"column":11},"end":{"line":141,"column":null}},"73":{"start":{"line":144,"column":2},"end":{"line":148,"column":null}},"74":{"start":{"line":145,"column":16},"end":{"line":145,"column":null}},"75":{"start":{"line":146,"column":4},"end":{"line":146,"column":null}},"76":{"start":{"line":147,"column":4},"end":{"line":147,"column":null}},"77":{"start":{"line":150,"column":19},"end":{"line":150,"column":null}},"78":{"start":{"line":151,"column":2},"end":{"line":151,"column":null}},"79":{"start":{"line":155,"column":14},"end":{"line":155,"column":null}},"80":{"start":{"line":156,"column":2},"end":{"line":156,"column":null}},"81":{"start":{"line":156,"column":55},"end":{"line":156,"column":null}},"82":{"start":{"line":157,"column":2},"end":{"line":157,"column":null}}},"fnMap":{"0":{"name":"findBlockAncestor","decl":{"start":{"line":24,"column":9},"end":{"line":24,"column":27}},"loc":{"start":{"line":24,"column":52},"end":{"line":33,"column":null}},"line":24},"1":{"name":"textOffsetWithin","decl":{"start":{"line":36,"column":9},"end":{"line":36,"column":26}},"loc":{"start":{"line":36,"column":79},"end":{"line":57,"column":null}},"line":36},"2":{"name":"isRealPeriod","decl":{"start":{"line":60,"column":9},"end":{"line":60,"column":22}},"loc":{"start":{"line":60,"column":56},"end":{"line":71,"column":null}},"line":60},"3":{"name":"isBlankLine","decl":{"start":{"line":82,"column":9},"end":{"line":82,"column":21}},"loc":{"start":{"line":82,"column":55},"end":{"line":90,"column":null}},"line":82},"4":{"name":"isSentenceEnd","decl":{"start":{"line":92,"column":9},"end":{"line":92,"column":23}},"loc":{"start":{"line":92,"column":57},"end":{"line":98,"column":null}},"line":92},"5":{"name":"scanBackward","decl":{"start":{"line":100,"column":9},"end":{"line":100,"column":22}},"loc":{"start":{"line":100,"column":58},"end":{"line":105,"column":null}},"line":100},"6":{"name":"scanForward","decl":{"start":{"line":107,"column":9},"end":{"line":107,"column":21}},"loc":{"start":{"line":107,"column":57},"end":{"line":112,"column":null}},"line":107},"7":{"name":"collapseWhitespace","decl":{"start":{"line":114,"column":9},"end":{"line":114,"column":28}},"loc":{"start":{"line":114,"column":50},"end":{"line":116,"column":null}},"line":114},"8":{"name":"extractContext","decl":{"start":{"line":125,"column":16},"end":{"line":125,"column":31}},"loc":{"start":{"line":125,"column":70},"end":{"line":152,"column":null}},"line":125},"9":{"name":"getCurrentContext","decl":{"start":{"line":154,"column":16},"end":{"line":154,"column":61}},"loc":{"start":{"line":154,"column":61},"end":{"line":158,"column":null}},"line":154}},"branchMap":{"0":{"loc":{"start":{"line":25,"column":24},"end":{"line":25,"column":null}},"type":"cond-expr","locations":[{"start":{"line":25,"column":62},"end":{"line":25,"column":69}},{"start":{"line":25,"column":69},"end":{"line":25,"column":null}}],"line":25},"1":{"loc":{"start":{"line":27,"column":9},"end":{"line":27,"column":50}},"type":"binary-expr","locations":[{"start":{"line":27,"column":9},"end":{"line":27,"column":15}},{"start":{"line":27,"column":15},"end":{"line":27,"column":50}}],"line":27},"2":{"loc":{"start":{"line":29,"column":4},"end":{"line":29,"column":null}},"type":"if","locations":[{"start":{"line":29,"column":4},"end":{"line":29,"column":null}},{"start":{},"end":{}}],"line":29},"3":{"loc":{"start":{"line":39,"column":2},"end":{"line":45,"column":null}},"type":"if","locations":[{"start":{"line":39,"column":2},"end":{"line":45,"column":null}},{"start":{},"end":{}}],"line":39},"4":{"loc":{"start":{"line":41,"column":4},"end":{"line":44,"column":null}},"type":"if","locations":[{"start":{"line":41,"column":4},"end":{"line":44,"column":null}},{"start":{},"end":{}}],"line":41},"5":{"loc":{"start":{"line":52,"column":4},"end":{"line":52,"column":null}},"type":"if","locations":[{"start":{"line":52,"column":4},"end":{"line":52,"column":null}},{"start":{},"end":{}}],"line":52},"6":{"loc":{"start":{"line":53,"column":13},"end":{"line":53,"column":null}},"type":"binary-expr","locations":[{"start":{"line":53,"column":13},"end":{"line":53,"column":41}},{"start":{"line":53,"column":41},"end":{"line":53,"column":null}}],"line":53},"7":{"loc":{"start":{"line":63,"column":2},"end":{"line":63,"column":null}},"type":"if","locations":[{"start":{"line":63,"column":2},"end":{"line":63,"column":null}},{"start":{},"end":{}}],"line":63},"8":{"loc":{"start":{"line":63,"column":6},"end":{"line":63,"column":32}},"type":"binary-expr","locations":[{"start":{"line":63,"column":6},"end":{"line":63,"column":14}},{"start":{"line":63,"column":14},"end":{"line":63,"column":32}}],"line":63},"9":{"loc":{"start":{"line":67,"column":2},"end":{"line":67,"column":null}},"type":"if","locations":[{"start":{"line":67,"column":2},"end":{"line":67,"column":null}},{"start":{},"end":{}}],"line":67},"10":{"loc":{"start":{"line":68,"column":2},"end":{"line":68,"column":null}},"type":"if","locations":[{"start":{"line":68,"column":2},"end":{"line":68,"column":null}},{"start":{},"end":{}}],"line":68},"11":{"loc":{"start":{"line":84,"column":9},"end":{"line":84,"column":57}},"type":"binary-expr","locations":[{"start":{"line":84,"column":9},"end":{"line":84,"column":24}},{"start":{"line":84,"column":24},"end":{"line":84,"column":57}}],"line":84},"12":{"loc":{"start":{"line":85,"column":2},"end":{"line":85,"column":null}},"type":"if","locations":[{"start":{"line":85,"column":2},"end":{"line":85,"column":null}},{"start":{},"end":{}}],"line":85},"13":{"loc":{"start":{"line":85,"column":6},"end":{"line":85,"column":44}},"type":"binary-expr","locations":[{"start":{"line":85,"column":6},"end":{"line":85,"column":21}},{"start":{"line":85,"column":21},"end":{"line":85,"column":44}}],"line":85},"14":{"loc":{"start":{"line":88,"column":9},"end":{"line":88,"column":64}},"type":"binary-expr","locations":[{"start":{"line":88,"column":9},"end":{"line":88,"column":32}},{"start":{"line":88,"column":32},"end":{"line":88,"column":64}}],"line":88},"15":{"loc":{"start":{"line":89,"column":9},"end":{"line":89,"column":null}},"type":"binary-expr","locations":[{"start":{"line":89,"column":9},"end":{"line":89,"column":32}},{"start":{"line":89,"column":32},"end":{"line":89,"column":null}}],"line":89},"16":{"loc":{"start":{"line":94,"column":2},"end":{"line":94,"column":null}},"type":"if","locations":[{"start":{"line":94,"column":2},"end":{"line":94,"column":null}},{"start":{},"end":{}}],"line":94},"17":{"loc":{"start":{"line":95,"column":2},"end":{"line":95,"column":null}},"type":"if","locations":[{"start":{"line":95,"column":2},"end":{"line":95,"column":null}},{"start":{},"end":{}}],"line":95},"18":{"loc":{"start":{"line":96,"column":2},"end":{"line":96,"column":null}},"type":"if","locations":[{"start":{"line":96,"column":2},"end":{"line":96,"column":null}},{"start":{},"end":{}}],"line":96},"19":{"loc":{"start":{"line":102,"column":4},"end":{"line":102,"column":null}},"type":"if","locations":[{"start":{"line":102,"column":4},"end":{"line":102,"column":null}},{"start":{},"end":{}}],"line":102},"20":{"loc":{"start":{"line":109,"column":4},"end":{"line":109,"column":null}},"type":"if","locations":[{"start":{"line":109,"column":4},"end":{"line":109,"column":null}},{"start":{},"end":{}}],"line":109},"21":{"loc":{"start":{"line":127,"column":2},"end":{"line":127,"column":null}},"type":"if","locations":[{"start":{"line":127,"column":2},"end":{"line":127,"column":null}},{"start":{},"end":{}}],"line":127},"22":{"loc":{"start":{"line":130,"column":20},"end":{"line":130,"column":null}},"type":"binary-expr","locations":[{"start":{"line":130,"column":20},"end":{"line":130,"column":41}},{"start":{"line":130,"column":41},"end":{"line":130,"column":null}}],"line":130},"23":{"loc":{"start":{"line":136,"column":2},"end":{"line":138,"column":null}},"type":"if","locations":[{"start":{"line":136,"column":2},"end":{"line":138,"column":null}},{"start":{},"end":{}}],"line":136},"24":{"loc":{"start":{"line":136,"column":6},"end":{"line":136,"column":44}},"type":"binary-expr","locations":[{"start":{"line":136,"column":6},"end":{"line":136,"column":19}},{"start":{"line":136,"column":19},"end":{"line":136,"column":30}},{"start":{"line":136,"column":30},"end":{"line":136,"column":44}}],"line":136},"25":{"loc":{"start":{"line":144,"column":2},"end":{"line":148,"column":null}},"type":"if","locations":[{"start":{"line":144,"column":2},"end":{"line":148,"column":null}},{"start":{},"end":{}}],"line":144},"26":{"loc":{"start":{"line":151,"column":32},"end":{"line":151,"column":54}},"type":"binary-expr","locations":[{"start":{"line":151,"column":32},"end":{"line":151,"column":44}},{"start":{"line":151,"column":44},"end":{"line":151,"column":54}}],"line":151},"27":{"loc":{"start":{"line":156,"column":2},"end":{"line":156,"column":null}},"type":"if","locations":[{"start":{"line":156,"column":2},"end":{"line":156,"column":null}},{"start":{},"end":{}}],"line":156},"28":{"loc":{"start":{"line":156,"column":6},"end":{"line":156,"column":55}},"type":"binary-expr","locations":[{"start":{"line":156,"column":6},"end":{"line":156,"column":14}},{"start":{"line":156,"column":14},"end":{"line":156,"column":33}},{"start":{"line":156,"column":33},"end":{"line":156,"column":55}}],"line":156}},"s":{"0":1,"1":1,"2":1,"3":12,"4":12,"5":13,"6":13,"7":12,"8":1,"9":0,"10":24,"11":0,"12":0,"13":0,"14":0,"15":24,"16":24,"17":24,"18":24,"19":31,"20":24,"21":7,"22":31,"23":0,"24":13,"25":13,"26":1,"27":12,"28":12,"29":0,"30":12,"31":1,"32":11,"33":1,"34":1,"35":1,"36":0,"37":1,"38":0,"39":1,"40":1,"41":3,"42":1,"43":1966,"44":1966,"45":1,"46":1965,"47":1950,"48":15,"49":13,"50":2,"51":12,"52":12,"53":1004,"54":3,"55":9,"56":12,"57":12,"58":962,"59":10,"60":2,"61":25,"62":13,"63":13,"64":1,"65":12,"66":12,"67":13,"68":13,"69":13,"70":0,"71":12,"72":12,"73":12,"74":1,"75":1,"76":1,"77":12,"78":12,"79":0,"80":0,"81":0,"82":0},"f":{"0":12,"1":24,"2":13,"3":1,"4":1966,"5":12,"6":12,"7":25,"8":13,"9":0},"b":{"0":[1,11],"1":[12,13],"2":[12,1],"3":[0,24],"4":[0,0],"5":[24,7],"6":[7,0],"7":[1,12],"8":[13,10],"9":[0,12],"10":[1,11],"11":[1,1],"12":[0,1],"13":[1,1],"14":[1,4],"15":[1,1],"16":[1,1965],"17":[1950,15],"18":[13,2],"19":[3,1001],"20":[10,952],"21":[1,12],"22":[12,0],"23":[0,13],"24":[13,12,12],"25":[1,11],"26":[12,0],"27":[0,0],"28":[0,0,0]},"meta":{"lastBranch":29,"lastFunction":10,"lastStatement":83,"seen":{"s:14:19:17:Infinity":0,"s:20:21:20:Infinity":1,"s:22:28:22:Infinity":2,"f:24:9:24:27":0,"s:25:24:25:Infinity":3,"b:25:62:25:69:25:69:25:Infinity":0,"s:27:2:31:Infinity":4,"b:27:9:27:15:27:15:27:50":1,"s:28:17:28:Infinity":5,"b:29:4:29:Infinity:undefined:undefined:undefined:undefined":2,"s:29:4:29:Infinity":6,"s:29:29:29:Infinity":7,"s:30:4:30:Infinity":8,"s:32:2:32:Infinity":9,"f:36:9:36:26":1,"b:39:2:45:Infinity:undefined:undefined:undefined:undefined":3,"s:39:2:45:Infinity":10,"s:40:18:40:Infinity":11,"b:41:4:44:Infinity:undefined:undefined:undefined:undefined":4,"s:41:4:44:Infinity":12,"s:42:6:42:Infinity":13,"s:43:6:43:Infinity":14,"s:47:17:47:Infinity":15,"s:48:14:48:Infinity":16,"s:49:13:49:Infinity":17,"s:51:2:55:Infinity":18,"b:52:4:52:Infinity:undefined:undefined:undefined:undefined":5,"s:52:4:52:Infinity":19,"s:52:28:52:Infinity":20,"s:53:4:53:Infinity":21,"b:53:13:53:41:53:41:53:Infinity":6,"s:54:4:54:Infinity":22,"s:56:2:56:Infinity":23,"f:60:9:60:22":2,"s:61:15:61:Infinity":24,"b:63:2:63:Infinity:undefined:undefined:undefined:undefined":7,"s:63:2:63:Infinity":25,"b:63:6:63:14:63:14:63:32":8,"s:63:32:63:Infinity":26,"s:66:17:66:Infinity":27,"b:67:2:67:Infinity:undefined:undefined:undefined:undefined":9,"s:67:2:67:Infinity":28,"s:67:35:67:Infinity":29,"b:68:2:68:Infinity:undefined:undefined:undefined:undefined":10,"s:68:2:68:Infinity":30,"s:68:72:68:Infinity":31,"s:70:2:70:Infinity":32,"s:73:21:73:Infinity":33,"f:82:9:82:21":3,"s:83:15:83:Infinity":34,"s:84:2:84:Infinity":35,"b:84:9:84:24:84:24:84:57":11,"s:84:57:84:Infinity":36,"b:85:2:85:Infinity:undefined:undefined:undefined:undefined":12,"s:85:2:85:Infinity":37,"b:85:6:85:21:85:21:85:44":13,"s:85:44:85:Infinity":38,"s:87:14:87:Infinity":39,"s:88:2:88:Infinity":40,"b:88:9:88:32:88:32:88:64":14,"s:88:64:88:Infinity":41,"s:89:2:89:Infinity":42,"b:89:9:89:32:89:32:89:Infinity":15,"f:92:9:92:23":4,"s:93:13:93:Infinity":43,"b:94:2:94:Infinity:undefined:undefined:undefined:undefined":16,"s:94:2:94:Infinity":44,"s:94:19:94:Infinity":45,"b:95:2:95:Infinity:undefined:undefined:undefined:undefined":17,"s:95:2:95:Infinity":46,"s:95:30:95:Infinity":47,"b:96:2:96:Infinity:undefined:undefined:undefined:undefined":18,"s:96:2:96:Infinity":48,"s:96:18:96:Infinity":49,"s:97:2:97:Infinity":50,"f:100:9:100:22":5,"s:101:2:103:Infinity":51,"s:101:15:101:25":52,"b:102:4:102:Infinity:undefined:undefined:undefined:undefined":19,"s:102:4:102:Infinity":53,"s:102:32:102:Infinity":54,"s:104:2:104:Infinity":55,"f:107:9:107:21":6,"s:108:2:110:Infinity":56,"s:108:15:108:21":57,"b:109:4:109:Infinity:undefined:undefined:undefined:undefined":20,"s:109:4:109:Infinity":58,"s:109:32:109:Infinity":59,"s:111:2:111:Infinity":60,"f:114:9:114:28":7,"s:115:2:115:Infinity":61,"f:125:16:125:31":8,"s:126:20:126:Infinity":62,"b:127:2:127:Infinity:undefined:undefined:undefined:undefined":21,"s:127:2:127:Infinity":63,"s:127:18:127:Infinity":64,"s:129:16:129:Infinity":65,"s:130:20:130:Infinity":66,"b:130:20:130:41:130:41:130:Infinity":22,"s:132:16:132:Infinity":67,"s:133:14:133:Infinity":68,"b:136:2:138:Infinity:undefined:undefined:undefined:undefined":23,"s:136:2:138:Infinity":69,"b:136:6:136:19:136:19:136:30:136:30:136:44":24,"s:137:4:137:Infinity":70,"s:140:13:140:Infinity":71,"s:141:11:141:Infinity":72,"b:144:2:148:Infinity:undefined:undefined:undefined:undefined":25,"s:144:2:148:Infinity":73,"s:145:16:145:Infinity":74,"s:146:4:146:Infinity":75,"s:147:4:147:Infinity":76,"s:150:19:150:Infinity":77,"s:151:2:151:Infinity":78,"b:151:32:151:44:151:44:151:54":26,"f:154:16:154:61":9,"s:155:14:155:Infinity":79,"b:156:2:156:Infinity:undefined:undefined:undefined:undefined":27,"s:156:2:156:Infinity":80,"b:156:6:156:14:156:14:156:33:156:33:156:55":28,"s:156:55:156:Infinity":81,"s:157:2:157:Infinity":82},"fnNames":{}}}
,"D:\\3_Projects\\Active\\word-catcher\\lib\\settings.ts": {"path":"D:\\3_Projects\\Active\\word-catcher\\lib\\settings.ts","statementMap":{"0":{"start":{"line":4,"column":21},"end":{"line":4,"column":null}},"1":{"start":{"line":11,"column":2},"end":{"line":11,"column":null}},"2":{"start":{"line":11,"column":39},"end":{"line":11,"column":null}},"3":{"start":{"line":13,"column":12},"end":{"line":13,"column":null}},"4":{"start":{"line":14,"column":8},"end":{"line":17,"column":null}},"5":{"start":{"line":14,"column":57},"end":{"line":17,"column":null}},"6":{"start":{"line":19,"column":17},"end":{"line":25,"column":null}},"7":{"start":{"line":27,"column":17},"end":{"line":27,"column":null}},"8":{"start":{"line":28,"column":2},"end":{"line":28,"column":null}},"9":{"start":{"line":32,"column":2},"end":{"line":32,"column":null}},"10":{"start":{"line":36,"column":2},"end":{"line":36,"column":null}},"11":{"start":{"line":40,"column":2},"end":{"line":40,"column":null}},"12":{"start":{"line":40,"column":55},"end":{"line":40,"column":81}},"13":{"start":{"line":45,"column":2},"end":{"line":45,"column":null}}},"fnMap":{"0":{"name":"normalizeSettings","decl":{"start":{"line":10,"column":16},"end":{"line":10,"column":34}},"loc":{"start":{"line":10,"column":58},"end":{"line":29,"column":null}},"line":10},"1":{"name":"(anonymous_1)","decl":{"start":{"line":14,"column":8},"end":{"line":14,"column":45}},"loc":{"start":{"line":14,"column":57},"end":{"line":17,"column":null}},"line":14},"2":{"name":"getSettings","decl":{"start":{"line":31,"column":22},"end":{"line":31,"column":55}},"loc":{"start":{"line":31,"column":55},"end":{"line":33,"column":null}},"line":31},"3":{"name":"saveSettings","decl":{"start":{"line":35,"column":22},"end":{"line":35,"column":35}},"loc":{"start":{"line":35,"column":66},"end":{"line":37,"column":null}},"line":35},"4":{"name":"watchSettings","decl":{"start":{"line":39,"column":16},"end":{"line":39,"column":30}},"loc":{"start":{"line":39,"column":69},"end":{"line":41,"column":null}},"line":39},"5":{"name":"(anonymous_5)","decl":{"start":{"line":40,"column":32},"end":{"line":40,"column":47}},"loc":{"start":{"line":40,"column":55},"end":{"line":40,"column":81}},"line":40},"6":{"name":"isAiConfigured","decl":{"start":{"line":44,"column":16},"end":{"line":44,"column":31}},"loc":{"start":{"line":44,"column":53},"end":{"line":46,"column":null}},"line":44}},"branchMap":{"0":{"loc":{"start":{"line":11,"column":2},"end":{"line":11,"column":null}},"type":"if","locations":[{"start":{"line":11,"column":2},"end":{"line":11,"column":null}},{"start":{},"end":{}}],"line":11},"1":{"loc":{"start":{"line":11,"column":6},"end":{"line":11,"column":39}},"type":"binary-expr","locations":[{"start":{"line":11,"column":6},"end":{"line":11,"column":14}},{"start":{"line":11,"column":14},"end":{"line":11,"column":39}}],"line":11},"2":{"loc":{"start":{"line":16,"column":9},"end":{"line":16,"column":null}},"type":"binary-expr","locations":[{"start":{"line":16,"column":9},"end":{"line":16,"column":42}},{"start":{"line":16,"column":42},"end":{"line":16,"column":null}}],"line":16},"3":{"loc":{"start":{"line":23,"column":21},"end":{"line":23,"column":null}},"type":"binary-expr","locations":[{"start":{"line":23,"column":21},"end":{"line":23,"column":42}},{"start":{"line":23,"column":42},"end":{"line":23,"column":null}}],"line":23},"4":{"loc":{"start":{"line":24,"column":17},"end":{"line":24,"column":null}},"type":"binary-expr","locations":[{"start":{"line":24,"column":17},"end":{"line":24,"column":34}},{"start":{"line":24,"column":34},"end":{"line":24,"column":null}}],"line":24},"5":{"loc":{"start":{"line":28,"column":9},"end":{"line":28,"column":null}},"type":"cond-expr","locations":[{"start":{"line":28,"column":26},"end":{"line":28,"column":40}},{"start":{"line":28,"column":40},"end":{"line":28,"column":null}}],"line":28},"6":{"loc":{"start":{"line":45,"column":9},"end":{"line":45,"column":null}},"type":"binary-expr","locations":[{"start":{"line":45,"column":9},"end":{"line":45,"column":42}},{"start":{"line":45,"column":42},"end":{"line":45,"column":null}}],"line":45}},"s":{"0":1,"1":13,"2":4,"3":9,"4":9,"5":27,"6":9,"7":13,"8":13,"9":3,"10":1,"11":0,"12":0,"13":4},"f":{"0":13,"1":27,"2":3,"3":1,"4":0,"5":0,"6":4},"b":{"0":[4,9],"1":[13,10],"2":[27,18],"3":[9,7],"4":[13,7],"5":[8,1],"6":[4,2]},"meta":{"lastBranch":7,"lastFunction":7,"lastStatement":14,"seen":{"s:4:21:4:Infinity":0,"f:10:16:10:34":0,"b:11:2:11:Infinity:undefined:undefined:undefined:undefined":0,"s:11:2:11:Infinity":1,"b:11:6:11:14:11:14:11:39":1,"s:11:39:11:Infinity":2,"s:13:12:13:Infinity":3,"s:14:8:17:Infinity":4,"f:14:8:14:45":1,"s:14:57:17:Infinity":5,"b:16:9:16:42:16:42:16:Infinity":2,"s:19:17:25:Infinity":6,"b:23:21:23:42:23:42:23:Infinity":3,"b:24:17:24:34:24:34:24:Infinity":4,"s:27:17:27:Infinity":7,"s:28:2:28:Infinity":8,"b:28:26:28:40:28:40:28:Infinity":5,"f:31:22:31:55":2,"s:32:2:32:Infinity":9,"f:35:22:35:35":3,"s:36:2:36:Infinity":10,"f:39:16:39:30":4,"s:40:2:40:Infinity":11,"f:40:32:40:47":5,"s:40:55:40:81":12,"f:44:16:44:31":6,"s:45:2:45:Infinity":13,"b:45:9:45:42:45:42:45:Infinity":6},"fnNames":{}}}
,"D:\\3_Projects\\Active\\word-catcher\\lib\\tts.ts": {"path":"D:\\3_Projects\\Active\\word-catcher\\lib\\tts.ts","statementMap":{"0":{"start":{"line":9,"column":2},"end":{"line":9,"column":null}},"1":{"start":{"line":13,"column":2},"end":{"line":13,"column":null}},"2":{"start":{"line":13,"column":41},"end":{"line":13,"column":null}},"3":{"start":{"line":16,"column":2},"end":{"line":16,"column":null}},"4":{"start":{"line":18,"column":20},"end":{"line":18,"column":null}},"5":{"start":{"line":19,"column":2},"end":{"line":19,"column":null}},"6":{"start":{"line":20,"column":2},"end":{"line":20,"column":null}},"7":{"start":{"line":22,"column":16},"end":{"line":22,"column":null}},"8":{"start":{"line":23,"column":2},"end":{"line":23,"column":null}},"9":{"start":{"line":23,"column":13},"end":{"line":23,"column":null}},"10":{"start":{"line":25,"column":2},"end":{"line":25,"column":null}},"11":{"start":{"line":29,"column":17},"end":{"line":29,"column":null}},"12":{"start":{"line":30,"column":2},"end":{"line":30,"column":null}},"13":{"start":{"line":30,"column":27},"end":{"line":30,"column":null}},"14":{"start":{"line":32,"column":21},"end":{"line":32,"column":null}},"15":{"start":{"line":33,"column":2},"end":{"line":36,"column":null}},"16":{"start":{"line":41,"column":2},"end":{"line":41,"column":null}},"17":{"start":{"line":41,"column":24},"end":{"line":41,"column":null}}},"fnMap":{"0":{"name":"isTtsSupported","decl":{"start":{"line":8,"column":16},"end":{"line":8,"column":42}},"loc":{"start":{"line":8,"column":42},"end":{"line":10,"column":null}},"line":8},"1":{"name":"speak","decl":{"start":{"line":12,"column":16},"end":{"line":12,"column":22}},"loc":{"start":{"line":12,"column":80},"end":{"line":26,"column":null}},"line":12},"2":{"name":"pickVoice","decl":{"start":{"line":28,"column":9},"end":{"line":28,"column":19}},"loc":{"start":{"line":28,"column":62},"end":{"line":38,"column":null}},"line":28},"3":{"name":"stopSpeaking","decl":{"start":{"line":40,"column":16},"end":{"line":40,"column":37}},"loc":{"start":{"line":40,"column":37},"end":{"line":42,"column":null}},"line":40}},"branchMap":{"0":{"loc":{"start":{"line":9,"column":9},"end":{"line":9,"column":null}},"type":"binary-expr","locations":[{"start":{"line":9,"column":9},"end":{"line":9,"column":42}},{"start":{"line":9,"column":42},"end":{"line":9,"column":null}}],"line":9},"1":{"loc":{"start":{"line":13,"column":2},"end":{"line":13,"column":null}},"type":"if","locations":[{"start":{"line":13,"column":2},"end":{"line":13,"column":null}},{"start":{},"end":{}}],"line":13},"2":{"loc":{"start":{"line":13,"column":6},"end":{"line":13,"column":41}},"type":"binary-expr","locations":[{"start":{"line":13,"column":6},"end":{"line":13,"column":27}},{"start":{"line":13,"column":27},"end":{"line":13,"column":41}}],"line":13},"3":{"loc":{"start":{"line":23,"column":2},"end":{"line":23,"column":null}},"type":"if","locations":[{"start":{"line":23,"column":2},"end":{"line":23,"column":null}},{"start":{},"end":{}}],"line":23},"4":{"loc":{"start":{"line":30,"column":2},"end":{"line":30,"column":null}},"type":"if","locations":[{"start":{"line":30,"column":2},"end":{"line":30,"column":null}},{"start":{},"end":{}}],"line":30},"5":{"loc":{"start":{"line":34,"column":4},"end":{"line":36,"column":null}},"type":"binary-expr","locations":[{"start":{"line":34,"column":4},"end":{"line":34,"column":null}},{"start":{"line":35,"column":7},"end":{"line":35,"column":null}},{"start":{"line":36,"column":7},"end":{"line":36,"column":null}}],"line":34},"6":{"loc":{"start":{"line":41,"column":2},"end":{"line":41,"column":null}},"type":"if","locations":[{"start":{"line":41,"column":2},"end":{"line":41,"column":null}},{"start":{},"end":{}}],"line":41}},"s":{"0":12,"1":8,"2":2,"3":6,"4":6,"5":6,"6":6,"7":6,"8":6,"9":2,"10":6,"11":6,"12":6,"13":4,"14":2,"15":2,"16":2,"17":1},"f":{"0":12,"1":8,"2":6,"3":2},"b":{"0":[12,12],"1":[2,6],"2":[8,7],"3":[2,4],"4":[4,2],"5":[2,1,0],"6":[1,1]},"meta":{"lastBranch":7,"lastFunction":4,"lastStatement":18,"seen":{"f:8:16:8:42":0,"s:9:2:9:Infinity":0,"b:9:9:9:42:9:42:9:Infinity":0,"f:12:16:12:22":1,"b:13:2:13:Infinity:undefined:undefined:undefined:undefined":1,"s:13:2:13:Infinity":1,"b:13:6:13:27:13:27:13:41":2,"s:13:41:13:Infinity":2,"s:16:2:16:Infinity":3,"s:18:20:18:Infinity":4,"s:19:2:19:Infinity":5,"s:20:2:20:Infinity":6,"s:22:16:22:Infinity":7,"b:23:2:23:Infinity:undefined:undefined:undefined:undefined":3,"s:23:2:23:Infinity":8,"s:23:13:23:Infinity":9,"s:25:2:25:Infinity":10,"f:28:9:28:19":2,"s:29:17:29:Infinity":11,"b:30:2:30:Infinity:undefined:undefined:undefined:undefined":4,"s:30:2:30:Infinity":12,"s:30:27:30:Infinity":13,"s:32:21:32:Infinity":14,"s:33:2:36:Infinity":15,"b:34:4:34:Infinity:35:7:35:Infinity:36:7:36:Infinity":5,"f:40:16:40:37":3,"b:41:2:41:Infinity:undefined:undefined:undefined:undefined":6,"s:41:2:41:Infinity":16,"s:41:24:41:Infinity":17},"fnNames":{}}}
,"D:\\3_Projects\\Active\\word-catcher\\lib\\types.ts": {"path":"D:\\3_Projects\\Active\\word-catcher\\lib\\types.ts","statementMap":{"0":{"start":{"line":9,"column":31},"end":{"line":25,"column":null}},"1":{"start":{"line":41,"column":30},"end":{"line":66,"column":null}},"2":{"start":{"line":70,"column":42},"end":{"line":74,"column":null}}},"fnMap":{},"branchMap":{},"s":{"0":4,"1":4,"2":4},"f":{},"b":{},"meta":{"lastBranch":0,"lastFunction":0,"lastStatement":3,"seen":{"s:9:31:25:Infinity":0,"s:41:30:66:Infinity":1,"s:70:42:74:Infinity":2},"fnNames":{}}}
}
